This file contains any messages produced by compilers while
running configure, to aid debugging if configure makes a mistake.

It was created by libsecp256k1 configure 0.1, which was
generated by GNU Autoconf 2.71.  Invocation command line was

  $ ./configure --disable-option-checking --prefix=/usr/local 'BDB_LIBS=-L/root/snafucoin/db4/lib -ldb_cxx-4.8' BDB_CFLAGS=-I/root/snafucoin/db4/include --disable-tests --disable-bench --disable-gui --disable-shared --with-pic --enable-benchmark=no --with-bignum=no --enable-module-generator --enable-module-recovery --enable-module-commitment --enable-module-bulletproof --enable-module-aggsig --enable-module-schnorrsig --enable-module-extrakeys --enable-experimental --disable-jni --disable-openssl-tests --cache-file=/dev/null --srcdir=.

## --------- ##
## Platform. ##
## --------- ##

hostname = vbox
uname -m = x86_64
uname -r = 6.1.0-28-amd64
uname -s = Linux
uname -v = #1 SMP PREEMPT_DYNAMIC Debian 6.1.119-1 (2024-11-22)

/usr/bin/uname -p = unknown
/bin/uname -X     = unknown

/bin/arch              = x86_64
/usr/bin/arch -k       = unknown
/usr/convex/getsysinfo = unknown
/usr/bin/hostinfo      = unknown
/bin/machine           = unknown
/usr/bin/oslevel       = unknown
/bin/universe          = unknown

PATH: /usr/local/sbin/
PATH: /usr/local/bin/
PATH: /usr/sbin/
PATH: /usr/bin/
PATH: /sbin/
PATH: /bin/


## ----------- ##
## Core tests. ##
## ----------- ##

configure:2642: looking for aux files: compile ltmain.sh missing install-sh config.guess config.sub
configure:2655:  trying ./build-aux/
configure:2684:   ./build-aux/compile found
configure:2684:   ./build-aux/ltmain.sh found
configure:2684:   ./build-aux/missing found
configure:2666:   ./build-aux/install-sh found
configure:2684:   ./build-aux/config.guess found
configure:2684:   ./build-aux/config.sub found
configure:2804: checking build system type
configure:2819: result: x86_64-pc-linux-gnu
configure:2839: checking host system type
configure:2853: result: x86_64-pc-linux-gnu
configure:2893: checking for a BSD-compatible install
configure:2966: result: /usr/bin/install -c
configure:2977: checking whether build environment is sane
configure:3032: result: yes
configure:3191: checking for a race-free mkdir -p
configure:3235: result: /usr/bin/mkdir -p
configure:3242: checking for gawk
configure:3277: result: no
configure:3242: checking for mawk
configure:3263: found /usr/bin/mawk
configure:3274: result: mawk
configure:3285: checking whether make sets $(MAKE)
configure:3308: result: yes
configure:3338: checking whether make supports nested variables
configure:3356: result: yes
configure:3539: checking how to print strings
configure:3566: result: printf
configure:3600: checking whether make supports the include directive
configure:3615: make -f confmf.GNU && cat confinc.out
this is the am__doit target
configure:3618: $? = 0
configure:3637: result: yes (GNU style)
configure:3713: checking for gcc
configure:3734: found /usr/bin/gcc
configure:3745: result: gcc
configure:4098: checking for C compiler version
configure:4107: gcc --version >&5
gcc (Debian 12.2.0-14) 12.2.0
Copyright (C) 2022 Free Software Foundation, Inc.
This is free software; see the source for copying conditions.  There is NO
warranty; not even for MERCHANTABILITY or FITNESS FOR A PARTICULAR PURPOSE.

configure:4118: $? = 0
configure:4107: gcc -v >&5
Using built-in specs.
COLLECT_GCC=gcc
COLLECT_LTO_WRAPPER=/usr/lib/gcc/x86_64-linux-gnu/12/lto-wrapper
OFFLOAD_TARGET_NAMES=nvptx-none:amdgcn-amdhsa
OFFLOAD_TARGET_DEFAULT=1
Target: x86_64-linux-gnu
Configured with: ../src/configure -v --with-pkgversion='Debian 12.2.0-14' --with-bugurl=file:///usr/share/doc/gcc-12/README.Bugs --enable-languages=c,ada,c++,go,d,fortran,objc,obj-c++,m2 --prefix=/usr --with-gcc-major-version-only --program-suffix=-12 --program-prefix=x86_64-linux-gnu- --enable-shared --enable-linker-build-id --libexecdir=/usr/lib --without-included-gettext --enable-threads=posix --libdir=/usr/lib --enable-nls --enable-clocale=gnu --enable-libstdcxx-debug --enable-libstdcxx-time=yes --with-default-libstdcxx-abi=new --enable-gnu-unique-object --disable-vtable-verify --enable-plugin --enable-default-pie --with-system-zlib --enable-libphobos-checking=release --with-target-system-zlib=auto --enable-objc-gc=auto --enable-multiarch --disable-werror --enable-cet --with-arch-32=i686 --with-abi=m64 --with-multilib-list=m32,m64,mx32 --enable-multilib --with-tune=generic --enable-offload-targets=nvptx-none=/build/gcc-12-bTRWOB/gcc-12-12.2.0/debian/tmp-nvptx/usr,amdgcn-amdhsa=/build/gcc-12-bTRWOB/gcc-12-12.2.0/debian/tmp-gcn/usr --enable-offload-defaulted --without-cuda-driver --enable-checking=release --build=x86_64-linux-gnu --host=x86_64-linux-gnu --target=x86_64-linux-gnu
Thread model: posix
Supported LTO compression algorithms: zlib zstd
gcc version 12.2.0 (Debian 12.2.0-14) 
... rest of stderr output deleted ...
configure:4118: $? = 0
configure:4107: gcc -V >&5
gcc: error: unrecognized command-line option '-V'
gcc: fatal error: no input files
compilation terminated.
configure:4118: $? = 1
configure:4107: gcc -qversion >&5
gcc: error: unrecognized command-line option '-qversion'; did you mean '--version'?
gcc: fatal error: no input files
compilation terminated.
configure:4118: $? = 1
configure:4107: gcc -version >&5
gcc: error: unrecognized command-line option '-version'
gcc: fatal error: no input files
compilation terminated.
configure:4118: $? = 1
configure:4138: checking whether the C compiler works
configure:4160: gcc    conftest.c  >&5
configure:4164: $? = 0
configure:4214: result: yes
configure:4217: checking for C compiler default output file name
configure:4219: result: a.out
configure:4225: checking for suffix of executables
configure:4232: gcc -o conftest    conftest.c  >&5
configure:4236: $? = 0
configure:4259: result: 
configure:4281: checking whether we are cross compiling
configure:4289: gcc -o conftest    conftest.c  >&5
configure:4293: $? = 0
configure:4300: ./conftest
configure:4304: $? = 0
configure:4319: result: no
configure:4324: checking for suffix of object files
configure:4347: gcc -c   conftest.c >&5
configure:4351: $? = 0
configure:4373: result: o
configure:4377: checking whether the compiler supports GNU C
configure:4397: gcc -c   conftest.c >&5
configure:4397: $? = 0
configure:4407: result: yes
configure:4418: checking whether gcc accepts -g
configure:4439: gcc -c -g  conftest.c >&5
configure:4439: $? = 0
configure:4483: result: yes
configure:4503: checking for gcc option to enable C11 features
configure:4518: gcc  -c -g -O2  conftest.c >&5
configure:4518: $? = 0
configure:4536: result: none needed
configure:4652: checking whether gcc understands -c and -o together
configure:4675: gcc -c conftest.c -o conftest2.o
configure:4678: $? = 0
configure:4675: gcc -c conftest.c -o conftest2.o
configure:4678: $? = 0
configure:4690: result: yes
configure:4709: checking dependency style of gcc
configure:4821: result: gcc3
configure:4836: checking for a sed that does not truncate output
configure:4906: result: /usr/bin/sed
configure:4924: checking for grep that handles long lines and -e
configure:4988: result: /usr/bin/grep
configure:4993: checking for egrep
configure:5061: result: /usr/bin/grep -E
configure:5066: checking for fgrep
configure:5134: result: /usr/bin/grep -F
configure:5170: checking for ld used by gcc
configure:5238: result: /usr/bin/ld
configure:5245: checking if the linker (/usr/bin/ld) is GNU ld
configure:5261: result: yes
configure:5273: checking for BSD- or MS-compatible name lister (nm)
configure:5328: result: /usr/bin/nm -B
configure:5468: checking the name lister (/usr/bin/nm -B) interface
configure:5476: gcc -c -g -O2  conftest.c >&5
configure:5479: /usr/bin/nm -B "conftest.o"
configure:5482: output
0000000000000000 B some_variable
configure:5489: result: BSD nm
configure:5492: checking whether ln -s works
configure:5496: result: yes
configure:5504: checking the maximum length of command line arguments
configure:5636: result: 1572864
configure:5684: checking how to convert x86_64-pc-linux-gnu file names to x86_64-pc-linux-gnu format
configure:5725: result: func_convert_file_noop
configure:5732: checking how to convert x86_64-pc-linux-gnu file names to toolchain format
configure:5753: result: func_convert_file_noop
configure:5760: checking for /usr/bin/ld option to reload object files
configure:5768: result: -r
configure:5847: checking for file
configure:5868: found /usr/bin/file
configure:5879: result: file
configure:5955: checking for objdump
configure:5976: found /usr/bin/objdump
configure:5987: result: objdump
configure:6019: checking how to recognize dependent libraries
configure:6220: result: pass_all
configure:6310: checking for dlltool
configure:6345: result: no
configure:6375: checking how to associate runtime and link libraries
configure:6403: result: printf %s\n
configure:6469: checking for ar
configure:6490: found /usr/bin/ar
configure:6501: result: ar
configure:6554: checking for archiver @FILE support
configure:6572: gcc -c -g -O2  conftest.c >&5
configure:6572: $? = 0
configure:6576: ar cr libconftest.a @conftest.lst >&5
configure:6579: $? = 0
configure:6584: ar cr libconftest.a @conftest.lst >&5
ar: conftest.o: No such file or directory
configure:6587: $? = 1
configure:6599: result: @
configure:6662: checking for strip
configure:6683: found /usr/bin/strip
configure:6694: result: strip
configure:6771: checking for ranlib
configure:6792: found /usr/bin/ranlib
configure:6803: result: ranlib
configure:6905: checking command to parse /usr/bin/nm -B output from gcc object
configure:7059: gcc -c -g -O2  conftest.c >&5
configure:7062: $? = 0
configure:7066: /usr/bin/nm -B conftest.o | /usr/bin/sed -n -e 's/^.*[	 ]\([ABCDGIRSTW][ABCDGIRSTW]*\)[	 ][	 ]*\([_A-Za-z][_A-Za-z0-9]*\)$/\1 \2 \2/p' | /usr/bin/sed '/ __gnu_lto/d' > conftest.nm
configure:7132: gcc -o conftest -g -O2   conftest.c conftstm.o >&5
configure:7135: $? = 0
configure:7173: result: ok
configure:7220: checking for sysroot
configure:7251: result: no
configure:7258: checking for a working dd
configure:7302: result: /usr/bin/dd
configure:7306: checking how to truncate binary pipes
configure:7322: result: /usr/bin/dd bs=4096 count=1
configure:7459: gcc -c -g -O2  conftest.c >&5
configure:7462: $? = 0
configure:7659: checking for mt
configure:7680: found /usr/bin/mt
configure:7691: result: mt
configure:7714: checking if mt is a manifest tool
configure:7721: mt '-?'
configure:7729: result: no
configure:8454: checking for stdio.h
configure:8454: gcc -c -g -O2  conftest.c >&5
configure:8454: $? = 0
configure:8454: result: yes
configure:8454: checking for stdlib.h
configure:8454: gcc -c -g -O2  conftest.c >&5
configure:8454: $? = 0
configure:8454: result: yes
configure:8454: checking for string.h
configure:8454: gcc -c -g -O2  conftest.c >&5
configure:8454: $? = 0
configure:8454: result: yes
configure:8454: checking for inttypes.h
configure:8454: gcc -c -g -O2  conftest.c >&5
configure:8454: $? = 0
configure:8454: result: yes
configure:8454: checking for stdint.h
configure:8454: gcc -c -g -O2  conftest.c >&5
configure:8454: $? = 0
configure:8454: result: yes
configure:8454: checking for strings.h
configure:8454: gcc -c -g -O2  conftest.c >&5
configure:8454: $? = 0
configure:8454: result: yes
configure:8454: checking for sys/stat.h
configure:8454: gcc -c -g -O2  conftest.c >&5
configure:8454: $? = 0
configure:8454: result: yes
configure:8454: checking for sys/types.h
configure:8454: gcc -c -g -O2  conftest.c >&5
configure:8454: $? = 0
configure:8454: result: yes
configure:8454: checking for unistd.h
configure:8454: gcc -c -g -O2  conftest.c >&5
configure:8454: $? = 0
configure:8454: result: yes
configure:8479: checking for dlfcn.h
configure:8479: gcc -c -g -O2  conftest.c >&5
configure:8479: $? = 0
configure:8479: result: yes
configure:8738: checking for objdir
configure:8754: result: .libs
configure:9018: checking if gcc supports -fno-rtti -fno-exceptions
configure:9037: gcc -c -g -O2  -fno-rtti -fno-exceptions conftest.c >&5
cc1: warning: command-line option '-fno-rtti' is valid for C++/D/ObjC++ but not for C
configure:9041: $? = 0
configure:9054: result: no
configure:9418: checking for gcc option to produce PIC
configure:9426: result: -fPIC -DPIC
configure:9434: checking if gcc PIC flag -fPIC -DPIC works
configure:9453: gcc -c -g -O2  -fPIC -DPIC -DPIC conftest.c >&5
configure:9457: $? = 0
configure:9470: result: yes
configure:9499: checking if gcc static flag -static works
configure:9528: result: yes
configure:9543: checking if gcc supports -c -o file.o
configure:9565: gcc -c -g -O2  -o out/conftest2.o conftest.c >&5
configure:9569: $? = 0
configure:9591: result: yes
configure:9599: checking if gcc supports -c -o file.o
configure:9647: result: yes
configure:9680: checking whether the gcc linker (/usr/bin/ld -m elf_x86_64) supports shared libraries
configure:10954: result: yes
configure:11195: checking dynamic linker characteristics
configure:11777: gcc -o conftest -g -O2   -Wl,-rpath -Wl,/foo conftest.c  >&5
configure:11777: $? = 0
configure:12028: result: GNU/Linux ld.so
configure:12150: checking how to hardcode library paths into programs
configure:12175: result: immediate
configure:12727: checking whether stripping libraries is possible
configure:12736: result: yes
configure:12778: checking if libtool supports shared libraries
configure:12780: result: yes
configure:12783: checking whether to build shared libraries
configure:12808: result: no
configure:12811: checking whether to build static libraries
configure:12815: result: yes
configure:12865: checking whether make supports nested variables
configure:12883: result: yes
configure:12954: checking for pkg-config
configure:12977: found /usr/bin/pkg-config
configure:12989: result: /usr/bin/pkg-config
configure:13014: checking pkg-config is at least version 0.9.0
configure:13017: result: yes
configure:13077: checking for ar
configure:13100: found /usr/bin/ar
configure:13112: result: /usr/bin/ar
configure:13185: checking for ranlib
configure:13208: found /usr/bin/ranlib
configure:13220: result: /usr/bin/ranlib
configure:13293: checking for strip
configure:13316: found /usr/bin/strip
configure:13328: result: /usr/bin/strip
configure:13355: checking how to run the C preprocessor
configure:13381: gcc -E  conftest.c
configure:13381: $? = 0
configure:13396: gcc -E  conftest.c
conftest.c:23:10: fatal error: ac_nonexistent.h: No such file or directory
   23 | #include <ac_nonexistent.h>
      |          ^~~~~~~~~~~~~~~~~~
compilation terminated.
configure:13396: $? = 1
configure: failed program was:
| /* confdefs.h */
| #define PACKAGE_NAME "libsecp256k1"
| #define PACKAGE_TARNAME "libsecp256k1"
| #define PACKAGE_VERSION "0.1"
| #define PACKAGE_STRING "libsecp256k1 0.1"
| #define PACKAGE_BUGREPORT ""
| #define PACKAGE_URL ""
| #define PACKAGE "libsecp256k1"
| #define VERSION "0.1"
| #define HAVE_STDIO_H 1
| #define HAVE_STDLIB_H 1
| #define HAVE_STRING_H 1
| #define HAVE_INTTYPES_H 1
| #define HAVE_STDINT_H 1
| #define HAVE_STRINGS_H 1
| #define HAVE_SYS_STAT_H 1
| #define HAVE_SYS_TYPES_H 1
| #define HAVE_UNISTD_H 1
| #define STDC_HEADERS 1
| #define HAVE_DLFCN_H 1
| #define LT_OBJDIR ".libs/"
| /* end confdefs.h.  */
| #include <ac_nonexistent.h>
configure:13423: result: gcc -E
configure:13437: gcc -E  conftest.c
configure:13437: $? = 0
configure:13452: gcc -E  conftest.c
conftest.c:23:10: fatal error: ac_nonexistent.h: No such file or directory
   23 | #include <ac_nonexistent.h>
      |          ^~~~~~~~~~~~~~~~~~
compilation terminated.
configure:13452: $? = 1
configure: failed program was:
| /* confdefs.h */
| #define PACKAGE_NAME "libsecp256k1"
| #define PACKAGE_TARNAME "libsecp256k1"
| #define PACKAGE_VERSION "0.1"
| #define PACKAGE_STRING "libsecp256k1 0.1"
| #define PACKAGE_BUGREPORT ""
| #define PACKAGE_URL ""
| #define PACKAGE "libsecp256k1"
| #define VERSION "0.1"
| #define HAVE_STDIO_H 1
| #define HAVE_STDLIB_H 1
| #define HAVE_STRING_H 1
| #define HAVE_INTTYPES_H 1
| #define HAVE_STDINT_H 1
| #define HAVE_STRINGS_H 1
| #define HAVE_SYS_STAT_H 1
| #define HAVE_SYS_TYPES_H 1
| #define HAVE_UNISTD_H 1
| #define STDC_HEADERS 1
| #define HAVE_DLFCN_H 1
| #define LT_OBJDIR ".libs/"
| /* end confdefs.h.  */
| #include <ac_nonexistent.h>
configure:13543: checking for gcc
configure:13564: found /usr/bin/gcc
configure:13575: result: gcc
configure:13928: checking for C compiler version
configure:13937: gcc --version >&5
gcc (Debian 12.2.0-14) 12.2.0
Copyright (C) 2022 Free Software Foundation, Inc.
This is free software; see the source for copying conditions.  There is NO
warranty; not even for MERCHANTABILITY or FITNESS FOR A PARTICULAR PURPOSE.

configure:13948: $? = 0
configure:13937: gcc -v >&5
Using built-in specs.
COLLECT_GCC=gcc
COLLECT_LTO_WRAPPER=/usr/lib/gcc/x86_64-linux-gnu/12/lto-wrapper
OFFLOAD_TARGET_NAMES=nvptx-none:amdgcn-amdhsa
OFFLOAD_TARGET_DEFAULT=1
Target: x86_64-linux-gnu
Configured with: ../src/configure -v --with-pkgversion='Debian 12.2.0-14' --with-bugurl=file:///usr/share/doc/gcc-12/README.Bugs --enable-languages=c,ada,c++,go,d,fortran,objc,obj-c++,m2 --prefix=/usr --with-gcc-major-version-only --program-suffix=-12 --program-prefix=x86_64-linux-gnu- --enable-shared --enable-linker-build-id --libexecdir=/usr/lib --without-included-gettext --enable-threads=posix --libdir=/usr/lib --enable-nls --enable-clocale=gnu --enable-libstdcxx-debug --enable-libstdcxx-time=yes --with-default-libstdcxx-abi=new --enable-gnu-unique-object --disable-vtable-verify --enable-plugin --enable-default-pie --with-system-zlib --enable-libphobos-checking=release --with-target-system-zlib=auto --enable-objc-gc=auto --enable-multiarch --disable-werror --enable-cet --with-arch-32=i686 --with-abi=m64 --with-multilib-list=m32,m64,mx32 --enable-multilib --with-tune=generic --enable-offload-targets=nvptx-none=/build/gcc-12-bTRWOB/gcc-12-12.2.0/debian/tmp-nvptx/usr,amdgcn-amdhsa=/build/gcc-12-bTRWOB/gcc-12-12.2.0/debian/tmp-gcn/usr --enable-offload-defaulted --without-cuda-driver --enable-checking=release --build=x86_64-linux-gnu --host=x86_64-linux-gnu --target=x86_64-linux-gnu
Thread model: posix
Supported LTO compression algorithms: zlib zstd
gcc version 12.2.0 (Debian 12.2.0-14) 
... rest of stderr output deleted ...
configure:13948: $? = 0
configure:13937: gcc -V >&5
gcc: error: unrecognized command-line option '-V'
gcc: fatal error: no input files
compilation terminated.
configure:13948: $? = 1
configure:13937: gcc -qversion >&5
gcc: error: unrecognized command-line option '-qversion'; did you mean '--version'?
gcc: fatal error: no input files
compilation terminated.
configure:13948: $? = 1
configure:13937: gcc -version >&5
gcc: error: unrecognized command-line option '-version'
gcc: fatal error: no input files
compilation terminated.
configure:13948: $? = 1
configure:13952: checking whether the compiler supports GNU C
configure:13982: result: yes
configure:13993: checking whether gcc accepts -g
configure:14014: gcc -c -g -O2  conftest.c >&5
configure:14014: $? = 0
configure:14058: result: yes
configure:14078: checking for gcc option to enable C11 features
configure:14111: result: none needed
configure:14227: checking whether gcc understands -c and -o together
configure:14265: result: yes
configure:14284: checking dependency style of gcc
configure:14396: result: gcc3
configure:14416: checking how to run the C preprocessor
configure:14442: gcc -E  conftest.c
configure:14442: $? = 0
configure:14457: gcc -E  conftest.c
conftest.c:23:10: fatal error: ac_nonexistent.h: No such file or directory
   23 | #include <ac_nonexistent.h>
      |          ^~~~~~~~~~~~~~~~~~
compilation terminated.
configure:14457: $? = 1
configure: failed program was:
| /* confdefs.h */
| #define PACKAGE_NAME "libsecp256k1"
| #define PACKAGE_TARNAME "libsecp256k1"
| #define PACKAGE_VERSION "0.1"
| #define PACKAGE_STRING "libsecp256k1 0.1"
| #define PACKAGE_BUGREPORT ""
| #define PACKAGE_URL ""
| #define PACKAGE "libsecp256k1"
| #define VERSION "0.1"
| #define HAVE_STDIO_H 1
| #define HAVE_STDLIB_H 1
| #define HAVE_STRING_H 1
| #define HAVE_INTTYPES_H 1
| #define HAVE_STDINT_H 1
| #define HAVE_STRINGS_H 1
| #define HAVE_SYS_STAT_H 1
| #define HAVE_SYS_TYPES_H 1
| #define HAVE_UNISTD_H 1
| #define STDC_HEADERS 1
| #define HAVE_DLFCN_H 1
| #define LT_OBJDIR ".libs/"
| /* end confdefs.h.  */
| #include <ac_nonexistent.h>
configure:14484: result: gcc -E
configure:14498: gcc -E  conftest.c
configure:14498: $? = 0
configure:14513: gcc -E  conftest.c
conftest.c:23:10: fatal error: ac_nonexistent.h: No such file or directory
   23 | #include <ac_nonexistent.h>
      |          ^~~~~~~~~~~~~~~~~~
compilation terminated.
configure:14513: $? = 1
configure: failed program was:
| /* confdefs.h */
| #define PACKAGE_NAME "libsecp256k1"
| #define PACKAGE_TARNAME "libsecp256k1"
| #define PACKAGE_VERSION "0.1"
| #define PACKAGE_STRING "libsecp256k1 0.1"
| #define PACKAGE_BUGREPORT ""
| #define PACKAGE_URL ""
| #define PACKAGE "libsecp256k1"
| #define VERSION "0.1"
| #define HAVE_STDIO_H 1
| #define HAVE_STDLIB_H 1
| #define HAVE_STRING_H 1
| #define HAVE_INTTYPES_H 1
| #define HAVE_STDINT_H 1
| #define HAVE_STRINGS_H 1
| #define HAVE_SYS_STAT_H 1
| #define HAVE_SYS_TYPES_H 1
| #define HAVE_UNISTD_H 1
| #define STDC_HEADERS 1
| #define HAVE_DLFCN_H 1
| #define LT_OBJDIR ".libs/"
| /* end confdefs.h.  */
| #include <ac_nonexistent.h>
configure:14572: checking dependency style of gcc
configure:14682: result: gcc3
configure:14818: checking if gcc supports -std=c89 -pedantic -Wall -Wextra -Wcast-align -Wnested-externs -Wshadow -Wstrict-prototypes -Wno-unused-function -Wno-long-long -Wno-overlength-strings
configure:14824: gcc -c -g -O2 -W -std=c89 -pedantic -Wall -Wextra -Wcast-align -Wnested-externs -Wshadow -Wstrict-prototypes -Wno-unused-function -Wno-long-long -Wno-overlength-strings  conftest.c >&5
configure:14824: $? = 0
configure:14826: result: yes
configure:14838: checking if gcc supports -fvisibility=hidden
configure:14844: gcc -c -g -O2 -W -std=c89 -pedantic -Wall -Wextra -Wcast-align -Wnested-externs -Wshadow -Wstrict-prototypes -Wno-unused-function -Wno-long-long -Wno-overlength-strings -fvisibility=hidden  conftest.c >&5
configure:14844: $? = 0
configure:14846: result: yes
configure:15076: checking for __int128
configure:15076: gcc -c -g -O2 -W -std=c89 -pedantic -Wall -Wextra -Wcast-align -Wnested-externs -Wshadow -Wstrict-prototypes -Wno-unused-function -Wno-long-long -Wno-overlength-strings -fvisibility=hidden  conftest.c >&5
conftest.c: In function 'main':
conftest.c:54:13: warning: ISO C does not support '__int128' types [-Wpedantic]
   54 | if (sizeof (__int128))
      |             ^~~~~~~~
configure:15076: $? = 0
configure:15076: gcc -c -g -O2 -W -std=c89 -pedantic -Wall -Wextra -Wcast-align -Wnested-externs -Wshadow -Wstrict-prototypes -Wno-unused-function -Wno-long-long -Wno-overlength-strings -fvisibility=hidden  conftest.c >&5
conftest.c: In function 'main':
conftest.c:54:14: warning: ISO C does not support '__int128' types [-Wpedantic]
   54 | if (sizeof ((__int128)))
      |              ^~~~~~~~
conftest.c:54:23: error: expected expression before ')' token
   54 | if (sizeof ((__int128)))
      |                       ^
configure:15076: $? = 1
configure: failed program was:
| /* confdefs.h */
| #define PACKAGE_NAME "libsecp256k1"
| #define PACKAGE_TARNAME "libsecp256k1"
| #define PACKAGE_VERSION "0.1"
| #define PACKAGE_STRING "libsecp256k1 0.1"
| #define PACKAGE_BUGREPORT ""
| #define PACKAGE_URL ""
| #define PACKAGE "libsecp256k1"
| #define VERSION "0.1"
| #define HAVE_STDIO_H 1
| #define HAVE_STDLIB_H 1
| #define HAVE_STRING_H 1
| #define HAVE_INTTYPES_H 1
| #define HAVE_STDINT_H 1
| #define HAVE_STRINGS_H 1
| #define HAVE_SYS_STAT_H 1
| #define HAVE_SYS_TYPES_H 1
| #define HAVE_UNISTD_H 1
| #define STDC_HEADERS 1
| #define HAVE_DLFCN_H 1
| #define LT_OBJDIR ".libs/"
| /* end confdefs.h.  */
| #include <stddef.h>
| #ifdef HAVE_STDIO_H
| # include <stdio.h>
| #endif
| #ifdef HAVE_STDLIB_H
| # include <stdlib.h>
| #endif
| #ifdef HAVE_STRING_H
| # include <string.h>
| #endif
| #ifdef HAVE_INTTYPES_H
| # include <inttypes.h>
| #endif
| #ifdef HAVE_STDINT_H
| # include <stdint.h>
| #endif
| #ifdef HAVE_STRINGS_H
| # include <strings.h>
| #endif
| #ifdef HAVE_SYS_TYPES_H
| # include <sys/types.h>
| #endif
| #ifdef HAVE_SYS_STAT_H
| # include <sys/stat.h>
| #endif
| #ifdef HAVE_UNISTD_H
| # include <unistd.h>
| #endif
| int
| main (void)
| {
| if (sizeof ((__int128)))
| 	    return 0;
|   ;
|   return 0;
| }
configure:15076: result: yes
configure:15086: checking for __builtin_expect
configure:15092: gcc -c -g -O2 -W -std=c89 -pedantic -Wall -Wextra -Wcast-align -Wnested-externs -Wshadow -Wstrict-prototypes -Wno-unused-function -Wno-long-long -Wno-overlength-strings -fvisibility=hidden  conftest.c >&5
conftest.c:24:6: warning: function declaration isn't a prototype [-Wstrict-prototypes]
   24 | void myfunc() {__builtin_expect(0,0);}
      |      ^~~~~~
conftest.c: In function 'myfunc':
conftest.c:24:16: warning: statement with no effect [-Wunused-value]
   24 | void myfunc() {__builtin_expect(0,0);}
      |                ^~~~~~~~~~~~~~~~
configure:15092: $? = 0
configure:15094: result: yes
configure:15115: checking for __builtin_popcount
configure:15121: gcc -c -g -O2 -W -std=c89 -pedantic -Wall -Wextra -Wcast-align -Wnested-externs -Wshadow -Wstrict-prototypes -Wno-unused-function -Wno-long-long -Wno-overlength-strings -fvisibility=hidden -O3  conftest.c >&5
conftest.c:25:6: warning: function declaration isn't a prototype [-Wstrict-prototypes]
   25 | void myfunc() {__builtin_popcount(0);}
      |      ^~~~~~
conftest.c: In function 'myfunc':
conftest.c:25:16: warning: statement with no effect [-Wunused-value]
   25 | void myfunc() {__builtin_popcount(0);}
      |                ^~~~~~~~~~~~~~~~~~
configure:15121: $? = 0
configure:15123: result: yes
configure:15134: checking for __builtin_popcountl
configure:15140: gcc -c -g -O2 -W -std=c89 -pedantic -Wall -Wextra -Wcast-align -Wnested-externs -Wshadow -Wstrict-prototypes -Wno-unused-function -Wno-long-long -Wno-overlength-strings -fvisibility=hidden -O3  conftest.c >&5
conftest.c:26:6: warning: function declaration isn't a prototype [-Wstrict-prototypes]
   26 | void myfunc() {__builtin_popcountl(0);}
      |      ^~~~~~
conftest.c: In function 'myfunc':
conftest.c:26:16: warning: statement with no effect [-Wunused-value]
   26 | void myfunc() {__builtin_popcountl(0);}
      |                ^~~~~~~~~~~~~~~~~~~
configure:15140: $? = 0
configure:15142: result: yes
configure:15153: checking for __builtin_ctzl
configure:15159: gcc -c -g -O2 -W -std=c89 -pedantic -Wall -Wextra -Wcast-align -Wnested-externs -Wshadow -Wstrict-prototypes -Wno-unused-function -Wno-long-long -Wno-overlength-strings -fvisibility=hidden -O3  conftest.c >&5
conftest.c:27:6: warning: function declaration isn't a prototype [-Wstrict-prototypes]
   27 | void myfunc() {__builtin_ctzl(0);}
      |      ^~~~~~
conftest.c: In function 'myfunc':
conftest.c:27:16: warning: statement with no effect [-Wunused-value]
   27 | void myfunc() {__builtin_ctzl(0);}
      |                ^~~~~~~~~~~~~~
configure:15159: $? = 0
configure:15161: result: yes
configure:15178: checking native compiler: gcc
configure:15194: gcc -o conftest -g -O2 -W -std=c89 -pedantic -Wall -Wextra -Wcast-align -Wnested-externs -Wshadow -Wstrict-prototypes -Wno-unused-function -Wno-long-long -Wno-overlength-strings -fvisibility=hidden -O3   conftest.c  >&5
configure:15194: $? = 0
configure:15194: ./conftest
configure:15194: $? = 0
configure:15216: result: ok
configure:15224: checking for  __builtin_clzll
configure:15230: gcc -c -g -O2 -W -std=c89 -pedantic -Wall -Wextra -Wcast-align -Wnested-externs -Wshadow -Wstrict-prototypes -Wno-unused-function -Wno-long-long -Wno-overlength-strings -fvisibility=hidden -O3  conftest.c >&5
conftest.c:28:6: warning: function declaration isn't a prototype [-Wstrict-prototypes]
   28 | void myfunc() { __builtin_clzll(1);}
      |      ^~~~~~
conftest.c: In function 'myfunc':
conftest.c:28:17: warning: statement with no effect [-Wunused-value]
   28 | void myfunc() { __builtin_clzll(1);}
      |                 ^~~~~~~~~~~~~~~
configure:15230: $? = 0
configure:15232: result: yes
configure:15245: checking for x86_64 assembly availability
configure:15262: gcc -c -g -O2 -W -std=c89 -pedantic -Wall -Wextra -Wcast-align -Wnested-externs -Wshadow -Wstrict-prototypes -Wno-unused-function -Wno-long-long -Wno-overlength-strings -fvisibility=hidden -O3  conftest.c >&5
conftest.c: In function 'main':
conftest.c:36:3: warning: 'tmp' is used uninitialized [-Wuninitialized]
   36 |   __asm__ __volatile__("movq $0x100000000,%1; mulq %%rsi" : "+a"(a) : "S"(tmp) : "cc", "%rdx");
      |   ^~~~~~~
conftest.c:35:20: note: 'tmp' was declared here
   35 |   uint64_t a = 11, tmp;
      |                    ^~~
configure:15262: $? = 0
configure:15269: result: yes
configure:16109: checking whether byte ordering is bigendian
configure:16125: gcc -c -g -O2 -W -std=c89 -pedantic -Wall -Wextra -Wcast-align -Wnested-externs -Wshadow -Wstrict-prototypes -Wno-unused-function -Wno-long-long -Wno-overlength-strings -fvisibility=hidden -O3  conftest.c >&5
conftest.c:45:16: error: unknown type name 'not'
   45 |                not a universal capable compiler
      |                ^~~
conftest.c:45:22: error: expected '=', ',', ';', 'asm' or '__attribute__' before 'universal'
   45 |                not a universal capable compiler
      |                      ^~~~~~~~~
conftest.c:45:22: error: unknown type name 'universal'
configure:16125: $? = 1
configure: failed program was:
| /* confdefs.h */
| #define PACKAGE_NAME "libsecp256k1"
| #define PACKAGE_TARNAME "libsecp256k1"
| #define PACKAGE_VERSION "0.1"
| #define PACKAGE_STRING "libsecp256k1 0.1"
| #define PACKAGE_BUGREPORT ""
| #define PACKAGE_URL ""
| #define PACKAGE "libsecp256k1"
| #define VERSION "0.1"
| #define HAVE_STDIO_H 1
| #define HAVE_STDLIB_H 1
| #define HAVE_STRING_H 1
| #define HAVE_INTTYPES_H 1
| #define HAVE_STDINT_H 1
| #define HAVE_STRINGS_H 1
| #define HAVE_SYS_STAT_H 1
| #define HAVE_SYS_TYPES_H 1
| #define HAVE_UNISTD_H 1
| #define STDC_HEADERS 1
| #define HAVE_DLFCN_H 1
| #define LT_OBJDIR ".libs/"
| #define HAVE___INT128 1
| #define HAVE_BUILTIN_EXPECT 1
| #define HAVE_BUILTIN_POPCOUNT 1
| #define HAVE_BUILTIN_POPCOUNTL 1
| #define HAVE_BUILTIN_CTZL 1
| #define HAVE_BUILTIN_CLZLL 1
| #define USE_ASM_X86_64 1
| #define USE_FIELD_5X52 1
| #define USE_NUM_NONE 1
| #define USE_FIELD_INV_BUILTIN 1
| #define USE_SCALAR_INV_BUILTIN 1
| #define USE_SCALAR_4X64 1
| #define USE_ECMULT_STATIC_PRECOMPUTATION 1
| #define ENABLE_MODULE_SCHNORRSIG 1
| #define ENABLE_MODULE_RECOVERY 1
| #define ENABLE_MODULE_SCHNORRSIG 1
| #define ENABLE_MODULE_EXTRAKEYS 1
| #define ENABLE_MODULE_GENERATOR 1
| #define ENABLE_MODULE_COMMITMENT 1
| #define ENABLE_MODULE_BULLETPROOF 1
| #define ENABLE_MODULE_AGGSIG 1
| /* end confdefs.h.  */
| #ifndef __APPLE_CC__
| 	       not a universal capable compiler
| 	     #endif
| 	     typedef int dummy;
| 
configure:16171: gcc -c -g -O2 -W -std=c89 -pedantic -Wall -Wextra -Wcast-align -Wnested-externs -Wshadow -Wstrict-prototypes -Wno-unused-function -Wno-long-long -Wno-overlength-strings -fvisibility=hidden -O3  conftest.c >&5
conftest.c: In function 'main':
conftest.c:51:15: error: unknown type name 'bogus'
   51 |               bogus endian macros
      |               ^~~~~
conftest.c:51:28: error: expected '=', ',', ';', 'asm' or '__attribute__' before 'macros'
   51 |               bogus endian macros
      |                            ^~~~~~
configure:16171: $? = 1
configure: failed program was:
| /* confdefs.h */
| #define PACKAGE_NAME "libsecp256k1"
| #define PACKAGE_TARNAME "libsecp256k1"
| #define PACKAGE_VERSION "0.1"
| #define PACKAGE_STRING "libsecp256k1 0.1"
| #define PACKAGE_BUGREPORT ""
| #define PACKAGE_URL ""
| #define PACKAGE "libsecp256k1"
| #define VERSION "0.1"
| #define HAVE_STDIO_H 1
| #define HAVE_STDLIB_H 1
| #define HAVE_STRING_H 1
| #define HAVE_INTTYPES_H 1
| #define HAVE_STDINT_H 1
| #define HAVE_STRINGS_H 1
| #define HAVE_SYS_STAT_H 1
| #define HAVE_SYS_TYPES_H 1
| #define HAVE_UNISTD_H 1
| #define STDC_HEADERS 1
| #define HAVE_DLFCN_H 1
| #define LT_OBJDIR ".libs/"
| #define HAVE___INT128 1
| #define HAVE_BUILTIN_EXPECT 1
| #define HAVE_BUILTIN_POPCOUNT 1
| #define HAVE_BUILTIN_POPCOUNTL 1
| #define HAVE_BUILTIN_CTZL 1
| #define HAVE_BUILTIN_CLZLL 1
| #define USE_ASM_X86_64 1
| #define USE_FIELD_5X52 1
| #define USE_NUM_NONE 1
| #define USE_FIELD_INV_BUILTIN 1
| #define USE_SCALAR_INV_BUILTIN 1
| #define USE_SCALAR_4X64 1
| #define USE_ECMULT_STATIC_PRECOMPUTATION 1
| #define ENABLE_MODULE_SCHNORRSIG 1
| #define ENABLE_MODULE_RECOVERY 1
| #define ENABLE_MODULE_SCHNORRSIG 1
| #define ENABLE_MODULE_EXTRAKEYS 1
| #define ENABLE_MODULE_GENERATOR 1
| #define ENABLE_MODULE_COMMITMENT 1
| #define ENABLE_MODULE_BULLETPROOF 1
| #define ENABLE_MODULE_AGGSIG 1
| /* end confdefs.h.  */
| #include <sys/types.h>
| 	     #include <sys/param.h>
| 
| int
| main (void)
| {
| #if ! (defined BYTE_ORDER && defined BIG_ENDIAN 		     && defined LITTLE_ENDIAN && BYTE_ORDER && BIG_ENDIAN 		     && LITTLE_ENDIAN)
| 	      bogus endian macros
| 	     #endif
| 
|   ;
|   return 0;
| }
configure:16217: gcc -c -g -O2 -W -std=c89 -pedantic -Wall -Wextra -Wcast-align -Wnested-externs -Wshadow -Wstrict-prototypes -Wno-unused-function -Wno-long-long -Wno-overlength-strings -fvisibility=hidden -O3  conftest.c >&5
conftest.c: In function 'main':
conftest.c:50:15: error: unknown type name 'bogus'
   50 |               bogus endian macros
      |               ^~~~~
conftest.c:50:28: error: expected '=', ',', ';', 'asm' or '__attribute__' before 'macros'
   50 |               bogus endian macros
      |                            ^~~~~~
configure:16217: $? = 1
configure: failed program was:
| /* confdefs.h */
| #define PACKAGE_NAME "libsecp256k1"
| #define PACKAGE_TARNAME "libsecp256k1"
| #define PACKAGE_VERSION "0.1"
| #define PACKAGE_STRING "libsecp256k1 0.1"
| #define PACKAGE_BUGREPORT ""
| #define PACKAGE_URL ""
| #define PACKAGE "libsecp256k1"
| #define VERSION "0.1"
| #define HAVE_STDIO_H 1
| #define HAVE_STDLIB_H 1
| #define HAVE_STRING_H 1
| #define HAVE_INTTYPES_H 1
| #define HAVE_STDINT_H 1
| #define HAVE_STRINGS_H 1
| #define HAVE_SYS_STAT_H 1
| #define HAVE_SYS_TYPES_H 1
| #define HAVE_UNISTD_H 1
| #define STDC_HEADERS 1
| #define HAVE_DLFCN_H 1
| #define LT_OBJDIR ".libs/"
| #define HAVE___INT128 1
| #define HAVE_BUILTIN_EXPECT 1
| #define HAVE_BUILTIN_POPCOUNT 1
| #define HAVE_BUILTIN_POPCOUNTL 1
| #define HAVE_BUILTIN_CTZL 1
| #define HAVE_BUILTIN_CLZLL 1
| #define USE_ASM_X86_64 1
| #define USE_FIELD_5X52 1
| #define USE_NUM_NONE 1
| #define USE_FIELD_INV_BUILTIN 1
| #define USE_SCALAR_INV_BUILTIN 1
| #define USE_SCALAR_4X64 1
| #define USE_ECMULT_STATIC_PRECOMPUTATION 1
| #define ENABLE_MODULE_SCHNORRSIG 1
| #define ENABLE_MODULE_RECOVERY 1
| #define ENABLE_MODULE_SCHNORRSIG 1
| #define ENABLE_MODULE_EXTRAKEYS 1
| #define ENABLE_MODULE_GENERATOR 1
| #define ENABLE_MODULE_COMMITMENT 1
| #define ENABLE_MODULE_BULLETPROOF 1
| #define ENABLE_MODULE_AGGSIG 1
| /* end confdefs.h.  */
| #include <limits.h>
| 
| int
| main (void)
| {
| #if ! (defined _LITTLE_ENDIAN || defined _BIG_ENDIAN)
| 	      bogus endian macros
| 	     #endif
| 
|   ;
|   return 0;
| }
configure:16312: gcc -o conftest -g -O2 -W -std=c89 -pedantic -Wall -Wextra -Wcast-align -Wnested-externs -Wshadow -Wstrict-prototypes -Wno-unused-function -Wno-long-long -Wno-overlength-strings -fvisibility=hidden -O3   conftest.c  >&5
configure:16312: $? = 0
configure:16312: ./conftest
configure:16312: $? = 0
configure:16324: result: no
configure:16349: Using static precomputation: yes
configure:16351: Using assembly optimizations: x86_64
configure:16353: Using field implementation: 64bit
configure:16355: Using bignum implementation: no
configure:16357: Using scalar implementation: 64bit
configure:16359: Using endomorphism optimizations: no
configure:16361: Building benchmarks: no
configure:16363: Building for coverage analysis: no
configure:16365: Building ECDH module: no
configure:16367: Building ECDSA pubkey recovery module: yes
configure:16369: Using jni: no
configure:16373: ******
configure:16375: WARNING: experimental build
configure:16377: Experimental features do not have stable APIs or properties, and may not be safe for production use.
configure:16379: Building ECDH module: no
configure:16381: Building NUMS generator module: yes
configure:16383: Building Pedersen commitment module: yes
configure:16385: Building range proof module: no
configure:16387: Building bulletproof module: yes
configure:16389: Building aggsig module: yes
configure:16391: Building key whitelisting module: no
configure:16393: Building surjection proof module: no
configure:16395: Building schnorrsig module: yes
configure:16397: ******
configure:16729: checking that generated files are newer than configure
configure:16735: result: done
configure:16843: creating ./config.status

## ---------------------- ##
## Running config.status. ##
## ---------------------- ##

This file was extended by libsecp256k1 config.status 0.1, which was
generated by GNU Autoconf 2.71.  Invocation command line was

  CONFIG_FILES    = 
  CONFIG_HEADERS  = 
  CONFIG_LINKS    = 
  CONFIG_COMMANDS = 
  $ ./config.status 

on vbox

config.status:1170: creating Makefile
config.status:1170: creating libsecp256k1.pc
config.status:1170: creating src/libsecp256k1-config.h
config.status:1351: src/libsecp256k1-config.h is unchanged
config.status:1399: executing depfiles commands
config.status:1476: cd .       && sed -e '/# am--include-marker/d' Makefile         | make -f - am--depfiles
make: Nothing to be done for 'am--depfiles'.
config.status:1481: $? = 0
config.status:1399: executing libtool commands

## ---------------- ##
## Cache variables. ##
## ---------------- ##

ac_cv_build=x86_64-pc-linux-gnu
ac_cv_build_prog_CPP='gcc -E'
ac_cv_build_prog_cc_g=yes
ac_cv_c_bigendian=no
ac_cv_c_compiler_gnu=yes
ac_cv_env_CCASFLAGS_set=
ac_cv_env_CCASFLAGS_value=
ac_cv_env_CCAS_set=
ac_cv_env_CCAS_value=
ac_cv_env_CC_set=
ac_cv_env_CC_value=
ac_cv_env_CFLAGS_set=
ac_cv_env_CFLAGS_value=
ac_cv_env_CPPFLAGS_set=
ac_cv_env_CPPFLAGS_value=
ac_cv_env_CPP_set=
ac_cv_env_CPP_value=
ac_cv_env_CRYPTO_CFLAGS_set=
ac_cv_env_CRYPTO_CFLAGS_value=
ac_cv_env_CRYPTO_LIBS_set=
ac_cv_env_CRYPTO_LIBS_value=
ac_cv_env_LDFLAGS_set=
ac_cv_env_LDFLAGS_value=
ac_cv_env_LIBS_set=
ac_cv_env_LIBS_value=
ac_cv_env_LT_SYS_LIBRARY_PATH_set=
ac_cv_env_LT_SYS_LIBRARY_PATH_value=
ac_cv_env_PKG_CONFIG_LIBDIR_set=
ac_cv_env_PKG_CONFIG_LIBDIR_value=
ac_cv_env_PKG_CONFIG_PATH_set=
ac_cv_env_PKG_CONFIG_PATH_value=
ac_cv_env_PKG_CONFIG_set=
ac_cv_env_PKG_CONFIG_value=
ac_cv_env_build_alias_set=
ac_cv_env_build_alias_value=
ac_cv_env_host_alias_set=
ac_cv_env_host_alias_value=
ac_cv_env_target_alias_set=
ac_cv_env_target_alias_value=
ac_cv_header_dlfcn_h=yes
ac_cv_header_inttypes_h=yes
ac_cv_header_stdint_h=yes
ac_cv_header_stdio_h=yes
ac_cv_header_stdlib_h=yes
ac_cv_header_string_h=yes
ac_cv_header_strings_h=yes
ac_cv_header_sys_stat_h=yes
ac_cv_header_sys_types_h=yes
ac_cv_header_unistd_h=yes
ac_cv_host=x86_64-pc-linux-gnu
ac_cv_objext=o
ac_cv_path_EGREP='/usr/bin/grep -E'
ac_cv_path_FGREP='/usr/bin/grep -F'
ac_cv_path_GREP=/usr/bin/grep
ac_cv_path_SED=/usr/bin/sed
ac_cv_path_ac_pt_AR=/usr/bin/ar
ac_cv_path_ac_pt_PKG_CONFIG=/usr/bin/pkg-config
ac_cv_path_ac_pt_RANLIB=/usr/bin/ranlib
ac_cv_path_ac_pt_STRIP=/usr/bin/strip
ac_cv_path_install='/usr/bin/install -c'
ac_cv_path_lt_DD=/usr/bin/dd
ac_cv_path_mkdir=/usr/bin/mkdir
ac_cv_prog_AWK=mawk
ac_cv_prog_CPP='gcc -E'
ac_cv_prog_ac_ct_AR=ar
ac_cv_prog_ac_ct_CC=gcc
ac_cv_prog_ac_ct_CC_FOR_BUILD=gcc
ac_cv_prog_ac_ct_FILECMD=file
ac_cv_prog_ac_ct_MANIFEST_TOOL=mt
ac_cv_prog_ac_ct_OBJDUMP=objdump
ac_cv_prog_ac_ct_RANLIB=ranlib
ac_cv_prog_ac_ct_STRIP=strip
ac_cv_prog_cc_c11=
ac_cv_prog_cc_g=yes
ac_cv_prog_cc_stdc=
ac_cv_prog_make_make_set=yes
ac_cv_type___int128=yes
am_cv_CCAS_dependencies_compiler_type=gcc3
am_cv_CC_dependencies_compiler_type=gcc3
am_cv_make_support_nested_variables=yes
am_cv_prog_cc_c_o=yes
lt_cv_ar_at_file=@
lt_cv_deplibs_check_method=pass_all
lt_cv_file_magic_cmd='$MAGIC_CMD'
lt_cv_file_magic_test_file=
lt_cv_ld_reload_flag=-r
lt_cv_nm_interface='BSD nm'
lt_cv_objdir=.libs
lt_cv_path_LD=/usr/bin/ld
lt_cv_path_NM='/usr/bin/nm -B'
lt_cv_path_mainfest_tool=no
lt_cv_prog_compiler_c_o=yes
lt_cv_prog_compiler_pic='-fPIC -DPIC'
lt_cv_prog_compiler_pic_works=yes
lt_cv_prog_compiler_rtti_exceptions=no
lt_cv_prog_compiler_static_works=yes
lt_cv_prog_gnu_ld=yes
lt_cv_sharedlib_from_linklib_cmd='printf %s\n'
lt_cv_shlibpath_overrides_runpath=yes
lt_cv_sys_global_symbol_pipe='/usr/bin/sed -n -e '\''s/^.*[	 ]\([ABCDGIRSTW][ABCDGIRSTW]*\)[	 ][	 ]*\([_A-Za-z][_A-Za-z0-9]*\)$/\1 \2 \2/p'\'' | /usr/bin/sed '\''/ __gnu_lto/d'\'''
lt_cv_sys_global_symbol_to_c_name_address='/usr/bin/sed -n -e '\''s/^: \(.*\) .*$/  {"\1", (void *) 0},/p'\'' -e '\''s/^[ABCDGIRSTW][ABCDGIRSTW]* .* \(.*\)$/  {"\1", (void *) \&\1},/p'\'''
lt_cv_sys_global_symbol_to_c_name_address_lib_prefix='/usr/bin/sed -n -e '\''s/^: \(.*\) .*$/  {"\1", (void *) 0},/p'\'' -e '\''s/^[ABCDGIRSTW][ABCDGIRSTW]* .* \(lib.*\)$/  {"\1", (void *) \&\1},/p'\'' -e '\''s/^[ABCDGIRSTW][ABCDGIRSTW]* .* \(.*\)$/  {"lib\1", (void *) \&\1},/p'\'''
lt_cv_sys_global_symbol_to_cdecl='/usr/bin/sed -n -e '\''s/^T .* \(.*\)$/extern int \1();/p'\'' -e '\''s/^[ABCDGIRSTW][ABCDGIRSTW]* .* \(.*\)$/extern char \1;/p'\'''
lt_cv_sys_global_symbol_to_import=
lt_cv_sys_max_cmd_len=1572864
lt_cv_to_host_file_cmd=func_convert_file_noop
lt_cv_to_tool_file_cmd=func_convert_file_noop
lt_cv_truncate_bin='/usr/bin/dd bs=4096 count=1'

## ----------------- ##
## Output variables. ##
## ----------------- ##

ACLOCAL='${SHELL} '\''/root/snafucoin/src/secp256k1-zkp/build-aux/missing'\'' aclocal-1.16'
AMDEPBACKSLASH='\'
AMDEP_FALSE='#'
AMDEP_TRUE=''
AMTAR='$${TAR-tar}'
AM_BACKSLASH='\'
AM_DEFAULT_V='$(AM_DEFAULT_VERBOSITY)'
AM_DEFAULT_VERBOSITY='0'
AM_V='$(V)'
AR='/usr/bin/ar'
AUTOCONF='${SHELL} '\''/root/snafucoin/src/secp256k1-zkp/build-aux/missing'\'' autoconf'
AUTOHEADER='${SHELL} '\''/root/snafucoin/src/secp256k1-zkp/build-aux/missing'\'' autoheader'
AUTOMAKE='${SHELL} '\''/root/snafucoin/src/secp256k1-zkp/build-aux/missing'\'' automake-1.16'
AWK='mawk'
BREW=''
BUILD_EXEEXT=''
BUILD_OBJEXT=''
CC='gcc'
CCAS='gcc'
CCASDEPMODE='depmode=gcc3'
CCASFLAGS='-g -O2'
CCDEPMODE='depmode=gcc3'
CC_FOR_BUILD='gcc'
CFLAGS='-g -O2 -W -std=c89 -pedantic -Wall -Wextra -Wcast-align -Wnested-externs -Wshadow -Wstrict-prototypes -Wno-unused-function -Wno-long-long -Wno-overlength-strings -fvisibility=hidden -O3'
CFLAGS_FOR_BUILD='-g -O2'
CPP='gcc -E'
CPPFLAGS=''
CPPFLAGS_FOR_BUILD=''
CPP_FOR_BUILD='gcc -E'
CRYPTO_CFLAGS=''
CRYPTO_LIBS=''
CSCOPE='cscope'
CTAGS='ctags'
CYGPATH_W='echo'
DEFS='-DHAVE_CONFIG_H'
DEPDIR='.deps'
DLLTOOL='false'
DSYMUTIL=''
DUMPBIN=''
ECHO_C=''
ECHO_N='-n'
ECHO_T=''
EGREP='/usr/bin/grep -E'
ENABLE_COVERAGE_FALSE=''
ENABLE_COVERAGE_TRUE='#'
ENABLE_MODULE_AGGSIG_FALSE='#'
ENABLE_MODULE_AGGSIG_TRUE=''
ENABLE_MODULE_BULLETPROOF_FALSE='#'
ENABLE_MODULE_BULLETPROOF_TRUE=''
ENABLE_MODULE_COMMITMENT_FALSE='#'
ENABLE_MODULE_COMMITMENT_TRUE=''
ENABLE_MODULE_ECDH_FALSE=''
ENABLE_MODULE_ECDH_TRUE='#'
ENABLE_MODULE_EXTRAKEYS_FALSE='#'
ENABLE_MODULE_EXTRAKEYS_TRUE=''
ENABLE_MODULE_GENERATOR_FALSE='#'
ENABLE_MODULE_GENERATOR_TRUE=''
ENABLE_MODULE_RANGEPROOF_FALSE=''
ENABLE_MODULE_RANGEPROOF_TRUE='#'
ENABLE_MODULE_RECOVERY_FALSE='#'
ENABLE_MODULE_RECOVERY_TRUE=''
ENABLE_MODULE_SCHNORRSIG_FALSE='#'
ENABLE_MODULE_SCHNORRSIG_TRUE=''
ENABLE_MODULE_SURJECTIONPROOF_FALSE=''
ENABLE_MODULE_SURJECTIONPROOF_TRUE='#'
ENABLE_MODULE_WHITELIST_FALSE=''
ENABLE_MODULE_WHITELIST_TRUE='#'
ETAGS='etags'
EXEEXT=''
FGREP='/usr/bin/grep -F'
FILECMD='file'
GREP='/usr/bin/grep'
INSTALL_DATA='${INSTALL} -m 644'
INSTALL_PROGRAM='${INSTALL}'
INSTALL_SCRIPT='${INSTALL}'
INSTALL_STRIP_PROGRAM='$(install_sh) -c -s'
JNI_INCLUDES=''
LD='/usr/bin/ld -m elf_x86_64'
LDFLAGS=''
LDFLAGS_FOR_BUILD=''
LIBOBJS=''
LIBS=''
LIBTOOL='$(SHELL) $(top_builddir)/libtool'
LIPO=''
LN_S='ln -s'
LTLIBOBJS=''
LT_SYS_LIBRARY_PATH=''
MAKEINFO='${SHELL} '\''/root/snafucoin/src/secp256k1-zkp/build-aux/missing'\'' makeinfo'
MANIFEST_TOOL=':'
MKDIR_P='/usr/bin/mkdir -p'
NM='/usr/bin/nm -B'
NMEDIT=''
OBJDUMP='objdump'
OBJEXT='o'
OTOOL64=''
OTOOL=''
PACKAGE='libsecp256k1'
PACKAGE_BUGREPORT=''
PACKAGE_NAME='libsecp256k1'
PACKAGE_STRING='libsecp256k1 0.1'
PACKAGE_TARNAME='libsecp256k1'
PACKAGE_URL=''
PACKAGE_VERSION='0.1'
PATH_SEPARATOR=':'
PKG_CONFIG='/usr/bin/pkg-config'
PKG_CONFIG_LIBDIR=''
PKG_CONFIG_PATH=''
PORT=''
RANLIB='/usr/bin/ranlib'
SECP_INCLUDES=''
SECP_LIBS=''
SECP_TEST_INCLUDES=''
SECP_TEST_LIBS=''
SED='/usr/bin/sed'
SET_MAKE=''
SHELL='/bin/bash'
STRIP='/usr/bin/strip'
USE_ASM_ARM_FALSE=''
USE_ASM_ARM_TRUE='#'
USE_BENCHMARK_FALSE=''
USE_BENCHMARK_TRUE='#'
USE_ECMULT_STATIC_PRECOMPUTATION_FALSE='#'
USE_ECMULT_STATIC_PRECOMPUTATION_TRUE=''
USE_EXHAUSTIVE_TESTS_FALSE='#'
USE_EXHAUSTIVE_TESTS_TRUE=''
USE_EXTERNAL_ASM_FALSE=''
USE_EXTERNAL_ASM_TRUE='#'
USE_JNI_FALSE=''
USE_JNI_TRUE='#'
USE_TESTS_FALSE=''
USE_TESTS_TRUE='#'
VERSION='0.1'
_ACJNI_JAVAC=''
ac_ct_AR='ar'
ac_ct_CC='gcc'
ac_ct_CC_FOR_BUILD='gcc'
ac_ct_DUMPBIN=''
am__EXEEXT_FALSE=''
am__EXEEXT_TRUE='#'
am__fastdepCCAS_FALSE='#'
am__fastdepCCAS_TRUE=''
am__fastdepCC_FALSE='#'
am__fastdepCC_TRUE=''
am__include='include'
am__isrc=''
am__leading_dot='.'
am__nodep='_no'
am__quote=''
am__tar='$${TAR-tar} chof - "$$tardir"'
am__untar='$${TAR-tar} xf -'
bindir='${exec_prefix}/bin'
build='x86_64-pc-linux-gnu'
build_alias=''
build_cpu='x86_64'
build_os='linux-gnu'
build_vendor='pc'
datadir='${datarootdir}'
datarootdir='${prefix}/share'
docdir='${datarootdir}/doc/${PACKAGE_TARNAME}'
dvidir='${docdir}'
exec_prefix='${prefix}'
host='x86_64-pc-linux-gnu'
host_alias=''
host_cpu='x86_64'
host_os='linux-gnu'
host_vendor='pc'
htmldir='${docdir}'
includedir='${prefix}/include'
infodir='${datarootdir}/info'
install_sh='${SHELL} /root/snafucoin/src/secp256k1-zkp/build-aux/install-sh'
libdir='${exec_prefix}/lib'
libexecdir='${exec_prefix}/libexec'
localedir='${datarootdir}/locale'
localstatedir='${prefix}/var'
mandir='${datarootdir}/man'
mkdir_p='$(MKDIR_P)'
oldincludedir='/usr/include'
pdfdir='${docdir}'
prefix='/usr/local'
program_transform_name='s,x,x,'
psdir='${docdir}'
runstatedir='${localstatedir}/run'
sbindir='${exec_prefix}/sbin'
sharedstatedir='${prefix}/com'
sysconfdir='${prefix}/etc'
target_alias=''

## ----------- ##
## confdefs.h. ##
## ----------- ##

/* confdefs.h */
#define PACKAGE_NAME "libsecp256k1"
#define PACKAGE_TARNAME "libsecp256k1"
#define PACKAGE_VERSION "0.1"
#define PACKAGE_STRING "libsecp256k1 0.1"
#define PACKAGE_BUGREPORT ""
#define PACKAGE_URL ""
#define PACKAGE "libsecp256k1"
#define VERSION "0.1"
#define HAVE_STDIO_H 1
#define HAVE_STDLIB_H 1
#define HAVE_STRING_H 1
#define HAVE_INTTYPES_H 1
#define HAVE_STDINT_H 1
#define HAVE_STRINGS_H 1
#define HAVE_SYS_STAT_H 1
#define HAVE_SYS_TYPES_H 1
#define HAVE_UNISTD_H 1
#define STDC_HEADERS 1
#define HAVE_DLFCN_H 1
#define LT_OBJDIR ".libs/"
#define HAVE___INT128 1
#define HAVE_BUILTIN_EXPECT 1
#define HAVE_BUILTIN_POPCOUNT 1
#define HAVE_BUILTIN_POPCOUNTL 1
#define HAVE_BUILTIN_CTZL 1
#define HAVE_BUILTIN_CLZLL 1
#define USE_ASM_X86_64 1
#define USE_FIELD_5X52 1
#define USE_NUM_NONE 1
#define USE_FIELD_INV_BUILTIN 1
#define USE_SCALAR_INV_BUILTIN 1
#define USE_SCALAR_4X64 1
#define USE_ECMULT_STATIC_PRECOMPUTATION 1
#define ENABLE_MODULE_SCHNORRSIG 1
#define ENABLE_MODULE_RECOVERY 1
#define ENABLE_MODULE_SCHNORRSIG 1
#define ENABLE_MODULE_EXTRAKEYS 1
#define ENABLE_MODULE_GENERATOR 1
#define ENABLE_MODULE_COMMITMENT 1
#define ENABLE_MODULE_BULLETPROOF 1
#define ENABLE_MODULE_AGGSIG 1

configure: exit 0
